This file contains any messages produced by compilers while
running configure, to aid debugging if configure makes a mistake.

It was created by configure, which was
generated by GNU Autoconf 2.63.  Invocation command line was

  $ ./configure -C --with-otcl=../otcl-1.13 --with-tclcl=../tclcl-1.19

## --------- ##
## Platform. ##
## --------- ##

hostname = sim-02
uname -m = x86_64
uname -r = 5.4.0-89-generic
uname -s = Linux
uname -v = #100-Ubuntu SMP Fri Sep 24 14:50:10 UTC 2021

/usr/bin/uname -p = x86_64
/bin/uname -X     = unknown

/bin/arch              = x86_64
/usr/bin/arch -k       = unknown
/usr/convex/getsysinfo = unknown
/usr/bin/hostinfo      = unknown
/bin/machine           = unknown
/usr/bin/oslevel       = unknown
/bin/universe          = unknown

PATH: /home/faridzandi/.vscode-server/bin/f80445acd5a3dadef24aa209168452a3d97cc326/bin/remote-cli
PATH: /usr/local/sbin
PATH: /usr/local/bin
PATH: /usr/sbin
PATH: /usr/bin
PATH: /sbin
PATH: /bin
PATH: /usr/games
PATH: /usr/local/games
PATH: /snap/bin
PATH: /home/faridzandi/ns2/ns-allinone-2.34/bin
PATH: /home/faridzandi/ns2/ns-allinone-2.34/tcl8.4.18/unix
PATH: /home/faridzandi/ns2/ns-allinone-2.34/tk8.4.18/unix
PATH: /home/faridzandi/ns2/ns-allinone-2.34/bin
PATH: /home/faridzandi/ns2/ns-allinone-2.34/tcl8.4.18/unix
PATH: /home/faridzandi/ns2/ns-allinone-2.34/tk8.4.18/unix
PATH: /home/faridzandi/ns2/ns-allinone-2.34/bin
PATH: /home/faridzandi/ns2/ns-allinone-2.34/tcl8.4.18/unix
PATH: /home/faridzandi/ns2/ns-allinone-2.34/tk8.4.18/unix


## ----------- ##
## Core tests. ##
## ----------- ##

configure:1778: loading cache config.cache
configure:1923: checking for gcc
configure:1950: result: gcc
configure:2182: checking for C compiler version
configure:2190: gcc --version >&5
gcc (Ubuntu 9.4.0-1ubuntu1~20.04) 9.4.0
Copyright (C) 2019 Free Software Foundation, Inc.
This is free software; see the source for copying conditions.  There is NO
warranty; not even for MERCHANTABILITY or FITNESS FOR A PARTICULAR PURPOSE.

configure:2194: $? = 0
configure:2201: gcc -v >&5
Using built-in specs.
COLLECT_GCC=gcc
COLLECT_LTO_WRAPPER=/usr/lib/gcc/x86_64-linux-gnu/9/lto-wrapper
OFFLOAD_TARGET_NAMES=nvptx-none:hsa
OFFLOAD_TARGET_DEFAULT=1
Target: x86_64-linux-gnu
Configured with: ../src/configure -v --with-pkgversion='Ubuntu 9.4.0-1ubuntu1~20.04' --with-bugurl=file:///usr/share/doc/gcc-9/README.Bugs --enable-languages=c,ada,c++,go,brig,d,fortran,objc,obj-c++,gm2 --prefix=/usr --with-gcc-major-version-only --program-suffix=-9 --program-prefix=x86_64-linux-gnu- --enable-shared --enable-linker-build-id --libexecdir=/usr/lib --without-included-gettext --enable-threads=posix --libdir=/usr/lib --enable-nls --enable-clocale=gnu --enable-libstdcxx-debug --enable-libstdcxx-time=yes --with-default-libstdcxx-abi=new --enable-gnu-unique-object --disable-vtable-verify --enable-plugin --enable-default-pie --with-system-zlib --with-target-system-zlib=auto --enable-objc-gc=auto --enable-multiarch --disable-werror --with-arch-32=i686 --with-abi=m64 --with-multilib-list=m32,m64,mx32 --enable-multilib --with-tune=generic --enable-offload-targets=nvptx-none=/build/gcc-9-yTrUTS/gcc-9-9.4.0/debian/tmp-nvptx/usr,hsa --without-cuda-driver --enable-checking=release --build=x86_64-linux-gnu --host=x86_64-linux-gnu --target=x86_64-linux-gnu
Thread model: posix
gcc version 9.4.0 (Ubuntu 9.4.0-1ubuntu1~20.04) 
configure:2205: $? = 0
configure:2212: gcc -V >&5
gcc: error: unrecognized command line option '-V'
gcc: fatal error: no input files
compilation terminated.
configure:2216: $? = 1
configure:2239: checking for C compiler default output file name
configure:2261: gcc    conftest.c  >&5
configure:2265: $? = 0
configure:2303: result: a.out
configure:2322: checking whether the C compiler works
configure:2332: ./a.out
configure:2336: $? = 0
configure:2355: result: yes
configure:2362: checking whether we are cross compiling
configure:2364: result: no
configure:2367: checking for suffix of executables
configure:2374: gcc -o conftest    conftest.c  >&5
configure:2378: $? = 0
configure:2404: result: 
configure:2410: checking for suffix of object files
configure:2465: result: o
configure:2469: checking whether we are using the GNU C compiler
configure:2522: result: yes
configure:2531: checking whether gcc accepts -g
configure:2669: result: yes
configure:2686: checking for gcc option to accept ISO C89
configure:2790: result: none needed
configure:2814: checking how to run the C preprocessor
configure:2932: result: gcc -E
configure:2961: gcc -E  conftest.c
configure:2968: $? = 0
configure:2999: gcc -E  conftest.c
conftest.c:8:10: fatal error: ac_nonexistent.h: No such file or directory
    8 | #include <ac_nonexistent.h>
      |          ^~~~~~~~~~~~~~~~~~
compilation terminated.
configure:3006: $? = 1
configure: failed program was:
| /* confdefs.h.  */
| #define PACKAGE_NAME ""
| #define PACKAGE_TARNAME ""
| #define PACKAGE_VERSION ""
| #define PACKAGE_STRING ""
| #define PACKAGE_BUGREPORT ""
| /* end confdefs.h.  */
| #include <ac_nonexistent.h>
configure:3046: checking for grep that handles long lines and -e
configure:3106: result: /usr/bin/grep
configure:3111: checking for egrep
configure:3175: result: /usr/bin/grep -E
configure:3180: checking for ANSI C header files
configure:3348: result: yes
configure:3372: checking for sys/types.h
configure:3417: result: yes
configure:3372: checking for sys/stat.h
configure:3417: result: yes
configure:3372: checking for stdlib.h
configure:3417: result: yes
configure:3372: checking for string.h
configure:3417: result: yes
configure:3372: checking for memory.h
configure:3417: result: yes
configure:3372: checking for strings.h
configure:3417: result: yes
configure:3372: checking for inttypes.h
configure:3417: result: yes
configure:3372: checking for stdint.h
configure:3417: result: yes
configure:3372: checking for unistd.h
configure:3417: result: yes
configure:3433: checking for minix/config.h
configure:3438: result: no
configure:3586: checking whether it is safe to define __EXTENSIONS__
configure:3636: result: yes
configure:3775: checking build system type
configure:3793: result: x86_64-unknown-linux-gnu
configure:3815: checking host system type
configure:3830: result: x86_64-unknown-linux-gnu
configure:3852: checking target system type
configure:3867: result: x86_64-unknown-linux-gnu
configure:3944: checking for gcc
configure:3971: result: gcc
configure:4203: checking for C compiler version
configure:4211: gcc --version >&5
gcc (Ubuntu 9.4.0-1ubuntu1~20.04) 9.4.0
Copyright (C) 2019 Free Software Foundation, Inc.
This is free software; see the source for copying conditions.  There is NO
warranty; not even for MERCHANTABILITY or FITNESS FOR A PARTICULAR PURPOSE.

configure:4215: $? = 0
configure:4222: gcc -v >&5
Using built-in specs.
COLLECT_GCC=gcc
COLLECT_LTO_WRAPPER=/usr/lib/gcc/x86_64-linux-gnu/9/lto-wrapper
OFFLOAD_TARGET_NAMES=nvptx-none:hsa
OFFLOAD_TARGET_DEFAULT=1
Target: x86_64-linux-gnu
Configured with: ../src/configure -v --with-pkgversion='Ubuntu 9.4.0-1ubuntu1~20.04' --with-bugurl=file:///usr/share/doc/gcc-9/README.Bugs --enable-languages=c,ada,c++,go,brig,d,fortran,objc,obj-c++,gm2 --prefix=/usr --with-gcc-major-version-only --program-suffix=-9 --program-prefix=x86_64-linux-gnu- --enable-shared --enable-linker-build-id --libexecdir=/usr/lib --without-included-gettext --enable-threads=posix --libdir=/usr/lib --enable-nls --enable-clocale=gnu --enable-libstdcxx-debug --enable-libstdcxx-time=yes --with-default-libstdcxx-abi=new --enable-gnu-unique-object --disable-vtable-verify --enable-plugin --enable-default-pie --with-system-zlib --with-target-system-zlib=auto --enable-objc-gc=auto --enable-multiarch --disable-werror --with-arch-32=i686 --with-abi=m64 --with-multilib-list=m32,m64,mx32 --enable-multilib --with-tune=generic --enable-offload-targets=nvptx-none=/build/gcc-9-yTrUTS/gcc-9-9.4.0/debian/tmp-nvptx/usr,hsa --without-cuda-driver --enable-checking=release --build=x86_64-linux-gnu --host=x86_64-linux-gnu --target=x86_64-linux-gnu
Thread model: posix
gcc version 9.4.0 (Ubuntu 9.4.0-1ubuntu1~20.04) 
configure:4226: $? = 0
configure:4233: gcc -V >&5
gcc: error: unrecognized command line option '-V'
gcc: fatal error: no input files
compilation terminated.
configure:4237: $? = 1
configure:4240: checking whether we are using the GNU C compiler
configure:4293: result: yes
configure:4302: checking whether gcc accepts -g
configure:4440: result: yes
configure:4457: checking for gcc option to accept ISO C89
configure:4561: result: none needed
configure:4637: checking for g++
configure:4664: result: g++
configure:4691: checking for C++ compiler version
configure:4699: g++ --version >&5
g++ (Ubuntu 9.4.0-1ubuntu1~20.04) 9.4.0
Copyright (C) 2019 Free Software Foundation, Inc.
This is free software; see the source for copying conditions.  There is NO
warranty; not even for MERCHANTABILITY or FITNESS FOR A PARTICULAR PURPOSE.

configure:4703: $? = 0
configure:4710: g++ -v >&5
Using built-in specs.
COLLECT_GCC=g++
COLLECT_LTO_WRAPPER=/usr/lib/gcc/x86_64-linux-gnu/9/lto-wrapper
OFFLOAD_TARGET_NAMES=nvptx-none:hsa
OFFLOAD_TARGET_DEFAULT=1
Target: x86_64-linux-gnu
Configured with: ../src/configure -v --with-pkgversion='Ubuntu 9.4.0-1ubuntu1~20.04' --with-bugurl=file:///usr/share/doc/gcc-9/README.Bugs --enable-languages=c,ada,c++,go,brig,d,fortran,objc,obj-c++,gm2 --prefix=/usr --with-gcc-major-version-only --program-suffix=-9 --program-prefix=x86_64-linux-gnu- --enable-shared --enable-linker-build-id --libexecdir=/usr/lib --without-included-gettext --enable-threads=posix --libdir=/usr/lib --enable-nls --enable-clocale=gnu --enable-libstdcxx-debug --enable-libstdcxx-time=yes --with-default-libstdcxx-abi=new --enable-gnu-unique-object --disable-vtable-verify --enable-plugin --enable-default-pie --with-system-zlib --with-target-system-zlib=auto --enable-objc-gc=auto --enable-multiarch --disable-werror --with-arch-32=i686 --with-abi=m64 --with-multilib-list=m32,m64,mx32 --enable-multilib --with-tune=generic --enable-offload-targets=nvptx-none=/build/gcc-9-yTrUTS/gcc-9-9.4.0/debian/tmp-nvptx/usr,hsa --without-cuda-driver --enable-checking=release --build=x86_64-linux-gnu --host=x86_64-linux-gnu --target=x86_64-linux-gnu
Thread model: posix
gcc version 9.4.0 (Ubuntu 9.4.0-1ubuntu1~20.04) 
configure:4714: $? = 0
configure:4721: g++ -V >&5
g++: error: unrecognized command line option '-V'
g++: fatal error: no input files
compilation terminated.
configure:4725: $? = 1
configure:4728: checking whether we are using the GNU C++ compiler
configure:4781: result: yes
configure:4790: checking whether g++ accepts -g
configure:4928: result: yes
configure:4951: checking for ANSI C header files
configure:5119: result: yes
configure:5134: checking for string.h
configure:5141: result: yes
configure:5285: checking for main in -lXbsd
configure:5342: result: no
configure:5348: checking for socket in -lsocket
configure:5411: result: no
configure:5417: checking for gethostbyname in -lnsl
configure:5480: result: yes
configure:5486: checking for dcgettext in -lintl
configure:5549: result: no
configure:5555: checking for getnodebyname in -ldnet_stub
configure:5618: result: no
configure:5664: checking that g++ can handle -O2
configure:5695: gcc -c -g -O2  conftest.c >&5
conftest.c: In function 'main':
conftest.c:31:3: error: 'error' undeclared (first use in this function)
   31 |   error
      |   ^~~~~
conftest.c:31:3: note: each undeclared identifier is reported only once for each function it appears in
conftest.c:31:8: error: expected ';' before 'int'
   31 |   error
      |        ^
      |        ;
......
   35 |   int error;
      |   ~~~   
configure:5702: $? = 1
configure: failed program was:
| /* confdefs.h.  */
| #define PACKAGE_NAME ""
| #define PACKAGE_TARNAME ""
| #define PACKAGE_VERSION ""
| #define PACKAGE_STRING ""
| #define PACKAGE_BUGREPORT ""
| #define STDC_HEADERS 1
| #define HAVE_SYS_TYPES_H 1
| #define HAVE_SYS_STAT_H 1
| #define HAVE_STDLIB_H 1
| #define HAVE_STRING_H 1
| #define HAVE_MEMORY_H 1
| #define HAVE_STRINGS_H 1
| #define HAVE_INTTYPES_H 1
| #define HAVE_STDINT_H 1
| #define HAVE_UNISTD_H 1
| #define __EXTENSIONS__ 1
| #define _ALL_SOURCE 1
| #define _GNU_SOURCE 1
| #define _POSIX_PTHREAD_SEMANTICS 1
| #define _TANDEM_SOURCE 1
| #define STDC_HEADERS 1
| #define HAVE_STRING_H 1
| /* end confdefs.h.  */
| 
| int
| main ()
| {
| #if __GNUC__ < 2  || __GNUC_MINOR__ < 8
| 		/* gcc */
| 		error
| 		#endif
| 		#if __GNUC_MINOR__ < 92
| 		/* egcs */
| 		int error;
| 		#endif
| 
|   ;
|   return 0;
| }
configure:5715: result: no
configure:5831: checking if C++ libraries work without any namespace
configure:5857: g++ -c -g -O2  conftest.cpp >&5
conftest.cpp: In function 'int main()':
conftest.cpp:30:1: error: 'cout' was not declared in this scope; did you mean 'std::cout'?
   30 | cout.fail();
      | ^~~~
      | std::cout
In file included from conftest.cpp:25:
/usr/include/c++/9/iostream:61:18: note: 'std::cout' declared here
   61 |   extern ostream cout;  /// Linked to standard output
      |                  ^~~~
configure:5864: $? = 1
configure: failed program was:
| /* confdefs.h.  */
| #define PACKAGE_NAME ""
| #define PACKAGE_TARNAME ""
| #define PACKAGE_VERSION ""
| #define PACKAGE_STRING ""
| #define PACKAGE_BUGREPORT ""
| #define STDC_HEADERS 1
| #define HAVE_SYS_TYPES_H 1
| #define HAVE_SYS_STAT_H 1
| #define HAVE_STDLIB_H 1
| #define HAVE_STRING_H 1
| #define HAVE_MEMORY_H 1
| #define HAVE_STRINGS_H 1
| #define HAVE_INTTYPES_H 1
| #define HAVE_STDINT_H 1
| #define HAVE_UNISTD_H 1
| #define __EXTENSIONS__ 1
| #define _ALL_SOURCE 1
| #define _GNU_SOURCE 1
| #define _POSIX_PTHREAD_SEMANTICS 1
| #define _TANDEM_SOURCE 1
| #define STDC_HEADERS 1
| #define HAVE_STRING_H 1
| /* end confdefs.h.  */
| #include <iostream>
| 
| int
| main ()
| {
| cout.fail();
| 
|   ;
|   return 0;
| }
configure:5877: result: no
configure:5886: checking if C++ libraries work with namespace std
configure:5912: g++ -c -g -O2  conftest.cpp >&5
configure:5919: $? = 0
configure:5924: result: yes
configure:5942: checking if STL works without any namespace
configure:5967: g++ -c -g -O2  conftest.cpp >&5
conftest.cpp: In function 'int main()':
conftest.cpp:30:1: error: 'list' was not declared in this scope; did you mean 'std::__cxx11::list'?
   30 | list<int> test;
      | ^~~~
      | std::__cxx11::list
In file included from /usr/include/c++/9/list:63,
                 from conftest.cpp:25:
/usr/include/c++/9/bits/stl_list.h:552:11: note: 'std::__cxx11::list' declared here
  552 |     class list : protected _List_base<_Tp, _Alloc>
      |           ^~~~
conftest.cpp:30:6: error: expected primary-expression before 'int'
   30 | list<int> test;
      |      ^~~
configure:5974: $? = 1
configure: failed program was:
| /* confdefs.h.  */
| #define PACKAGE_NAME ""
| #define PACKAGE_TARNAME ""
| #define PACKAGE_VERSION ""
| #define PACKAGE_STRING ""
| #define PACKAGE_BUGREPORT ""
| #define STDC_HEADERS 1
| #define HAVE_SYS_TYPES_H 1
| #define HAVE_SYS_STAT_H 1
| #define HAVE_STDLIB_H 1
| #define HAVE_STRING_H 1
| #define HAVE_MEMORY_H 1
| #define HAVE_STRINGS_H 1
| #define HAVE_INTTYPES_H 1
| #define HAVE_STDINT_H 1
| #define HAVE_UNISTD_H 1
| #define __EXTENSIONS__ 1
| #define _ALL_SOURCE 1
| #define _GNU_SOURCE 1
| #define _POSIX_PTHREAD_SEMANTICS 1
| #define _TANDEM_SOURCE 1
| #define STDC_HEADERS 1
| #define HAVE_STRING_H 1
| /* end confdefs.h.  */
| #include <list>
| 
| int
| main ()
| {
| list<int> test;
| 
|   ;
|   return 0;
| }
configure:5987: result: no
configure:5996: checking if STL works with namespace std
configure:6022: g++ -c -g -O2  conftest.cpp >&5
configure:6029: $? = 0
configure:6034: result: yes
configure:6113: checking should use STL
configure:6137: result: yes
configure:6384: checking for tcl.h
configure:6437: result: -I../include
configure:6443: checking for tclInt.h
configure:6496: result: -I../include
configure:6502: checking for libtcl8.4
configure:6566: result: -L../lib -ltcl8.4
configure:6572: checking for init.tcl
configure:6611: result: ../lib/tcl8.4
configure:6628: checking for http.tcl
configure:6667: result: ../lib/tcl8.4/http1.0
configure:6672: checking Tcl http.tcl library
configure:6676: result: yes
configure:6699: checking for tclsh8.4.18
configure:6729: result: ../bin/tclsh8.4
configure:6969: checking for tk.h
configure:7022: result: -I../include
configure:7028: checking for libtk8.4
configure:7092: result: -L../lib -ltk8.4
configure:7098: checking for tk.tcl
configure:7137: result: ../lib/tk8.4
configure:7236: checking for otcl.h
configure:7289: result: -I../otcl-1.13
configure:7295: checking for libotcl1.13
configure:7359: result: -L../otcl-1.13 -lotcl
configure:7486: checking for tclcl.h
configure:7539: result: -I../tclcl-1.19
configure:7545: checking for libtclcl
configure:7609: result: -L../tclcl-1.19 -ltclcl
configure:7615: checking for tcl2c++
configure:7654: result: ../tclcl-1.19
configure:7862: gcc -E  conftest.c
configure:7869: $? = 0
configure:7903: checking for XOpenDisplay in -lX11
configure:7966: result: yes
configure:7992: checking for XShmAttach in -lXext
configure:8055: result: yes
configure:8126: checking for libtcldbg
configure:8171: result: no
configure:8281: checking dmalloc
configure:8283: result: not requested with --with-dmalloc
configure:8564: checking for perl
configure:8603: result: /usr/bin
/usr/bin/perl -e require 5.002
configure:8712: checking for ANSI C header files
configure:8880: result: yes
configure:8903: checking for arpa/inet.h
configure:8910: result: yes
configure:8903: checking for fenv.h
configure:8910: result: yes
configure:8903: checking for netinet/in.h
configure:8910: result: yes
configure:8903: checking for string.h
configure:8910: result: yes
configure:8903: checking for strings.h
configure:8910: result: yes
configure:8903: checking for time.h
configure:8910: result: yes
configure:8903: checking for unistd.h
configure:8910: result: yes
configure:8903: checking for net/ethernet.h
configure:8910: result: yes
configure:9045: checking for main in -lm
configure:9102: result: yes
configure:9127: checking for bcopy
configure:9212: result: yes
configure:9127: checking for bzero
configure:9212: result: yes
configure:9127: checking for fesetprecision
configure:9212: result: no
configure:9127: checking for feenableexcept
configure:9212: result: yes
configure:9127: checking for getrusage
configure:9212: result: yes
configure:9127: checking for sbrk
configure:9212: result: yes
configure:9127: checking for snprintf
configure:9212: result: yes
configure:9225: checking return type of random
configure:9255: gcc -o conftest -g -O2   conftest.c -lm  >&5
conftest.c:55:1: warning: return type defaults to 'int' [-Wimplicit-int]
   55 | main() { exit(0); }
      | ^~~~
configure:9259: $? = 0
configure:9265: ./conftest
configure:9269: $? = 0
configure:9271: result: long
configure:9298: checking for int8_t
configure:9390: result: yes
configure:9402: checking for int16_t
configure:9494: result: yes
configure:9506: checking for int32_t
configure:9598: result: yes
configure:9610: checking for u_int8_t
configure:9702: result: yes
configure:9714: checking for u_int16_t
configure:9806: result: yes
configure:9818: checking for u_int32_t
configure:9910: result: yes
configure:9922: checking for u_char
configure:10014: result: yes
configure:10026: checking for u_int
configure:10118: result: yes
configure:10137: checking for strtoq
configure:10222: result: yes
configure:10137: checking for strtoll
configure:10222: result: yes
configure:10243: checking size of long
configure:10588: result: 8
configure:10601: checking for strtol
configure:10684: result: yes
configure:10689: checking for __int64_t
configure:10745: result: no
configure:10751: checking for long long
configure:10807: result: yes
configure:10815: checking for int64_t
configure:10841: result: yes
configure:10852: checking which kind of 64-bit int to use
configure:10865: result: int64_t
configure:10938: checking system version (for dynamic loading)
configure:10958: result: Linux-5.4.0-89-generic
configure:10966: checking for dlopen in -ldl
configure:11029: result: yes
configure:11758: checking for dlfcn.h
configure:11763: result: yes
configure:11893: checking for ns library name
configure:11896: result: libns.so
configure:11906: checking for struct ether_header
configure:11939: gcc -c -g -O2  conftest.c >&5
configure:11946: $? = 0
configure:11956: result: found
configure:11972: checking for struct ether_addr
configure:12005: gcc -c -g -O2  conftest.c >&5
configure:12012: $? = 0
configure:12022: result: found
configure:12042: checking for addr2ascii
configure:12127: result: no
configure:12165: gcc -o conftest -g -O2   -Wl,-export-dynamic conftest.c -lm  >&5
configure:12169: $? = 0
configure:12175: ./conftest
configure:12179: $? = 0
configure:12200: checking for Linux compliant tcphdr
configure:12234: gcc -c -g -O2  conftest.c >&5
configure:12241: $? = 0
configure:12248: result: found
configure:12264: checking for BSD compliant tcphdr
configure:12298: gcc -c -g -O2  conftest.c >&5
configure:12305: $? = 0
configure:12311: result: found
configure:12327: checking for socklen_t
configure:12378: result: yes
configure:12391: checking for main in -lpcap
configure:12448: result: no
configure:12457: checking to make nse
configure:12465: result: no
configure:12513: checking for dlopen in -ldl
configure:12576: result: yes
configure:12777: checking for a BSD-compatible install
configure:12845: result: /usr/bin/install -c
configure:12954: creating ./config.status

## ---------------------- ##
## Running config.status. ##
## ---------------------- ##

This file was extended by config.status, which was
generated by GNU Autoconf 2.63.  Invocation command line was

  CONFIG_FILES    = 
  CONFIG_HEADERS  = 
  CONFIG_LINKS    = 
  CONFIG_COMMANDS = 
  $ ./config.status 

on sim-02

config.status:834: creating Makefile
config.status:834: creating tcl/lib/ns-autoconf.tcl
config.status:834: creating indep-utils/webtrace-conv/ucb/Makefile
config.status:834: creating indep-utils/webtrace-conv/dec/Makefile
config.status:834: creating indep-utils/webtrace-conv/nlanr/Makefile
config.status:834: creating indep-utils/webtrace-conv/epa/Makefile
config.status:834: creating indep-utils/cmu-scen-gen/setdest/Makefile
config.status:834: creating autoconf.h
config.status:1050: autoconf.h is unchanged

## ---------------- ##
## Cache variables. ##
## ---------------- ##

ac_cv_build=x86_64-unknown-linux-gnu
ac_cv_c_compiler_gnu=yes
ac_cv_cxx_compiler_gnu=yes
ac_cv_env_CCC_set=
ac_cv_env_CCC_value=
ac_cv_env_CC_set=
ac_cv_env_CC_value=
ac_cv_env_CFLAGS_set=
ac_cv_env_CFLAGS_value=
ac_cv_env_CPPFLAGS_set=
ac_cv_env_CPPFLAGS_value=
ac_cv_env_CPP_set=
ac_cv_env_CPP_value=
ac_cv_env_CXXFLAGS_set=
ac_cv_env_CXXFLAGS_value=
ac_cv_env_CXX_set=
ac_cv_env_CXX_value=
ac_cv_env_LDFLAGS_set=
ac_cv_env_LDFLAGS_value=
ac_cv_env_LIBS_set=
ac_cv_env_LIBS_value=
ac_cv_env_build_alias_set=
ac_cv_env_build_alias_value=
ac_cv_env_host_alias_set=
ac_cv_env_host_alias_value=
ac_cv_env_target_alias_set=
ac_cv_env_target_alias_value=
ac_cv_func_addr2ascii=no
ac_cv_func_bcopy=yes
ac_cv_func_bzero=yes
ac_cv_func_feenableexcept=yes
ac_cv_func_fesetprecision=no
ac_cv_func_getrusage=yes
ac_cv_func_sbrk=yes
ac_cv_func_snprintf=yes
ac_cv_func_strtol=yes
ac_cv_func_strtoll=yes
ac_cv_func_strtoq=yes
ac_cv_header_arpa_inet_h=yes
ac_cv_header_dlfcn_h=yes
ac_cv_header_fenv_h=yes
ac_cv_header_inttypes_h=yes
ac_cv_header_memory_h=yes
ac_cv_header_minix_config_h=no
ac_cv_header_net_ethernet_h=yes
ac_cv_header_netinet_in_h=yes
ac_cv_header_stdc=yes
ac_cv_header_stdint_h=yes
ac_cv_header_stdlib_h=yes
ac_cv_header_string_h=yes
ac_cv_header_strings_h=yes
ac_cv_header_sys_stat_h=yes
ac_cv_header_sys_types_h=yes
ac_cv_header_time_h=yes
ac_cv_header_unistd_h=yes
ac_cv_host=x86_64-unknown-linux-gnu
ac_cv_lib_X11_XOpenDisplay=yes
ac_cv_lib_Xbsd_main=no
ac_cv_lib_Xext_XShmAttach=yes
ac_cv_lib_dl_dlopen=yes
ac_cv_lib_dnet_stub_getnodebyname=no
ac_cv_lib_intl_dcgettext=no
ac_cv_lib_m_main=yes
ac_cv_lib_nsl_gethostbyname=yes
ac_cv_lib_pcap_main=no
ac_cv_lib_socket_socket=no
ac_cv_objext=o
ac_cv_path_EGREP='/usr/bin/grep -E'
ac_cv_path_GREP=/usr/bin/grep
ac_cv_path_V_TCLSH=../bin/tclsh8.4
ac_cv_path_install='/usr/bin/install -c'
ac_cv_prog_CPP='gcc -E'
ac_cv_prog_ac_ct_CC=gcc
ac_cv_prog_ac_ct_CXX=g++
ac_cv_prog_cc_c89=
ac_cv_prog_cc_g=yes
ac_cv_prog_cxx_g=yes
ac_cv_safe_to_define___extensions__=yes
ac_cv_sizeof_long=8
ac_cv_target=x86_64-unknown-linux-gnu
ac_cv_type_int16_t=yes
ac_cv_type_int32_t=yes
ac_cv_type_int64_t=yes
ac_cv_type_int8_t=yes
ac_cv_type_socklen_t=yes
ac_cv_type_u_char=yes
ac_cv_type_u_int16_t=yes
ac_cv_type_u_int32_t=yes
ac_cv_type_u_int8_t=yes
ac_cv_type_u_int=yes
nsnam_cv_int64_t_HAVE_LONG_LONG=yes
nsnam_cv_int64_t_HAVE___INT64_T=no

## ----------------- ##
## Output variables. ##
## ----------------- ##

CC='gcc'
CFLAGS='-g -O2'
CPP='gcc -E'
CPPFLAGS=''
CPP_NAMESPACE='std'
CXX='g++'
CXXFLAGS='-g -O2'
DEFS='-DHAVE_CONFIG_H'
DL_LD_FLAGS='-rdynamic'
DL_LD_SEARCH_FLAGS=''
DL_LIBS='-ldl'
ECHO_C=''
ECHO_N='-n'
ECHO_T=''
EGREP='/usr/bin/grep -E'
EXEEXT=''
GREP='/usr/bin/grep'
INSTALL_DATA='${INSTALL} -m 644'
INSTALL_PROGRAM='${INSTALL}'
INSTALL_SCRIPT='${INSTALL}'
LDFLAGS=' -Wl,-export-dynamic'
LIBOBJS=''
LIBS='-lm '
LTLIBOBJS=''
NSLIB='libns.so'
OBJEXT='o'
PACKAGE_BUGREPORT=''
PACKAGE_NAME=''
PACKAGE_STRING=''
PACKAGE_TARNAME=''
PACKAGE_VERSION=''
PATH_SEPARATOR=':'
PERL='/usr/bin/perl'
PKG_SHLIB_CFLAGS=''
SHELL='/bin/bash'
SHLIB_CFLAGS='-fPIC'
SHLIB_LD='gcc -shared'
SHLIB_LD_LIBS=''
SHLIB_SUFFIX='.so'
V_ALL=''
V_AR='ar cr'
V_BROKEN_OBJ=''
V_CCOPT=' -Wall -Wno-write-strings'
V_DEFINE='-DTCLCL_CLASSINSTVAR  -DNDEBUG -DLINUX_TCP_HEADER -DUSE_SHM'
V_DEFINES='-DHAVE_LIBTCLCL -DHAVE_TCLCL_H -DHAVE_LIBOTCL1_13 -DHAVE_OTCL_H -DHAVE_LIBTK8_4 -DHAVE_TK_H -DHAVE_LIBTCL8_4 -DHAVE_TCLINT_H -DHAVE_TCL_H '
V_IMPORT_LIBS=''
V_INCLUDE=''
V_INCLUDES='-I/home/faridzandi/ns2/ns-allinone-2.34/tclcl-1.19 -I/home/faridzandi/ns2/ns-allinone-2.34/otcl-1.13 -I/home/faridzandi/ns2/ns-allinone-2.34/include -I/home/faridzandi/ns2/ns-allinone-2.34/include -I/home/faridzandi/ns2/ns-allinone-2.34/include -I/usr/include/pcap'
V_INCLUDE_X11=''
V_LIB=' -lnsl -ldl'
V_LIBRARY_TCL='../lib/tcl8.4'
V_LIBRARY_TK='../lib/tk8.4'
V_LIBS='-L/home/faridzandi/ns2/ns-allinone-2.34/tclcl-1.19 -ltclcl -L/home/faridzandi/ns2/ns-allinone-2.34/otcl-1.13 -lotcl -L/home/faridzandi/ns2/ns-allinone-2.34/lib -ltk8.4 -L/home/faridzandi/ns2/ns-allinone-2.34/lib -ltcl8.4'
V_LIB_OTCL='-L/home/faridzandi/ns2/ns-allinone-2.34/otcl-1.13 -lotcl'
V_LIB_TCL='-L/home/faridzandi/ns2/ns-allinone-2.34/lib -ltcl8.4'
V_LIB_TCLCL='-L/home/faridzandi/ns2/ns-allinone-2.34/tclcl-1.19 -ltclcl'
V_LIB_TK='-L/home/faridzandi/ns2/ns-allinone-2.34/lib -ltk8.4'
V_LIB_X11='-lXext -lX11'
V_LSSCRIPT=''
V_NS_TCL_LIB_STL='$(NS_TCL_LIB_STL)'
V_OBJ=''
V_OBJ_CRYPT=''
V_RANLIB='ranlib'
V_SHELL=''
V_SIGRET='void'
V_STATIC=''
V_STLOBJ='$(OBJ_STL)'
V_TARCMD='tar cfh'
V_TAR_EXTRA=''
V_TAR_TARGET='linux-gnu'
V_TCL2CPP='../tclcl-1.19/tcl2c++'
V_TCLSH='/home/faridzandi/ns2/ns-allinone-2.34/bin/tclsh8.4'
V_TCL_LIBRARY_FILES='$(TCL_BASE_LIBRARY_FILES) ../lib/tcl8.4/http1.0/http.tcl'
V_TKDOSNAMES='$(LIBRARY_TK)/optMenu.tcl $(LIBRARY_TK)/scrlbar.tcl'
ac_ct_CC='gcc'
ac_ct_CXX='g++'
bindir='${exec_prefix}/bin'
build='x86_64-unknown-linux-gnu'
build_alias=''
build_cpu='x86_64'
build_nse=''
build_os='linux-gnu'
build_vendor='unknown'
datadir='${datarootdir}'
datarootdir='${prefix}/share'
docdir='${datarootdir}/doc/${PACKAGE}'
dvidir='${docdir}'
exec_prefix='${prefix}'
host='x86_64-unknown-linux-gnu'
host_alias=''
host_cpu='x86_64'
host_os='linux-gnu'
host_vendor='unknown'
htmldir='${docdir}'
includedir='${prefix}/include'
infodir='${datarootdir}/info'
libdir='${exec_prefix}/lib'
libexecdir='${exec_prefix}/libexec'
localedir='${datarootdir}/locale'
localstatedir='${prefix}/var'
mandir='${datarootdir}/man'
oldincludedir='/usr/include'
pdfdir='${docdir}'
prefix='/usr/local'
program_transform_name='s,x,x,'
psdir='${docdir}'
sbindir='${exec_prefix}/sbin'
sharedstatedir='${prefix}/com'
sysconfdir='${prefix}/etc'
target='x86_64-unknown-linux-gnu'
target_alias=''
target_cpu='x86_64'
target_os='linux-gnu'
target_vendor='unknown'

## ----------- ##
## confdefs.h. ##
## ----------- ##

#define PACKAGE_NAME ""
#define PACKAGE_TARNAME ""
#define PACKAGE_VERSION ""
#define PACKAGE_STRING ""
#define PACKAGE_BUGREPORT ""
#define STDC_HEADERS 1
#define HAVE_SYS_TYPES_H 1
#define HAVE_SYS_STAT_H 1
#define HAVE_STDLIB_H 1
#define HAVE_STRING_H 1
#define HAVE_MEMORY_H 1
#define HAVE_STRINGS_H 1
#define HAVE_INTTYPES_H 1
#define HAVE_STDINT_H 1
#define HAVE_UNISTD_H 1
#define __EXTENSIONS__ 1
#define _ALL_SOURCE 1
#define _GNU_SOURCE 1
#define _POSIX_PTHREAD_SEMANTICS 1
#define _TANDEM_SOURCE 1
#define STDC_HEADERS 1
#define HAVE_STRING_H 1
#define HAVE_STL 1
#define CPP_REQUIRES_NAMESPACE 1
#define HAVE_TCL_H 1
#define HAVE_TCLINT_H 1
#define HAVE_LIBTCL8_4 1
#define HAVE_TK_H 1
#define HAVE_LIBTK8_4 1
#define HAVE_OTCL_H 1
#define HAVE_LIBOTCL1_13 1
#define HAVE_TCLCL_H 1
#define HAVE_LIBTCLCL 1
#define STDC_HEADERS 1
#define HAVE_ARPA_INET_H 1
#define HAVE_FENV_H 1
#define HAVE_NETINET_IN_H 1
#define HAVE_STRING_H 1
#define HAVE_STRINGS_H 1
#define HAVE_TIME_H 1
#define HAVE_UNISTD_H 1
#define HAVE_NET_ETHERNET_H 1
#define HAVE_LIBM 1
#define HAVE_BCOPY 1
#define HAVE_BZERO 1
#define HAVE_FEENABLEEXCEPT 1
#define HAVE_GETRUSAGE 1
#define HAVE_SBRK 1
#define HAVE_SNPRINTF 1
#define RANDOM_RETURN_TYPE long
#define HAVE_STRTOQ 1
#define HAVE_STRTOLL 1
#define SIZEOF_LONG 8
#define HAVE_INT64 1
#define HAVE_ETHER_HEADER_STRUCT 1
#define HAVE_ETHER_ADDRESS_STRUCT 1
#define HAVE_SIOCGIFHWADDR 1
#define HAVE_SOCKLEN_T 1

configure: exit 0
